#
# There is insufficient memory for the Java Runtime Environment to continue.
# Native memory allocation (mmap) failed to map 125829120 bytes for G1 virtual space
# Possible reasons:
#   The system is out of physical RAM or swap space
#   The process is running with CompressedOops enabled, and the Java Heap may be blocking the growth of the native heap
# Possible solutions:
#   Reduce memory load on the system
#   Increase physical memory or swap space
#   Check if swap backing store is full
#   Decrease Java heap size (-Xmx/-Xms)
#   Decrease number of Java threads
#   Decrease Java thread stack sizes (-Xss)
#   Set larger code cache with -XX:ReservedCodeCacheSize=
#   JVM is running with Unscaled Compressed Oops mode in which the Java heap is
#     placed in the first 4GB address space. The Java Heap base address is the
#     maximum limit for the native heap growth. Please use -XX:HeapBaseMinAddress
#     to set the Java Heap base and to place the Java Heap above 4GB virtual address.
# This output file may be truncated or incomplete.
#
#  Out of Memory Error (os_windows.cpp:3469), pid=4580, tid=15372
#
# JRE version:  (17.0.1+12) (build )
# Java VM: Java HotSpot(TM) 64-Bit Server VM (17.0.1+12-LTS-39, mixed mode, emulated-client, sharing, tiered, compressed oops, compressed class ptrs, g1 gc, windows-amd64)
# No core dump will be written. Minidumps are not enabled by default on client versions of Windows
#

---------------  S U M M A R Y ------------

Command Line: -XX:TieredStopAtLevel=1 -Dspring.output.ansi.enabled=always -Dcom.sun.management.jmxremote -Dspring.jmx.enabled=true -Dspring.liveBeansView.mbeanDomain -Dspring.application.admin.enabled=true -Dmanagement.endpoints.jmx.exposure.include=* -javaagent:C:\Users\hp\AppData\Local\JetBrains\IntelliJ IDEA 2024.1.1\lib\idea_rt.jar=61895:C:\Users\hp\AppData\Local\JetBrains\IntelliJ IDEA 2024.1.1\bin -Dfile.encoding=UTF-8 com.example.Registration.Registration

Host: AMD PRO A8-9600B R5, 10 COMPUTE CORES 4C+6G    , 4 cores, 7G,  Windows 10 , 64 bit Build 19041 (10.0.19041.3393)
Time: Thu May 23 02:36:57 2024 India Standard Time elapsed time: 0.173826 seconds (0d 0h 0m 0s)

---------------  T H R E A D  ---------------

Current thread (0x000002166ee166c0):  JavaThread "Unknown thread" [_thread_in_vm, id=15372, stack(0x0000009bed600000,0x0000009bed700000)]

Stack: [0x0000009bed600000,0x0000009bed700000]
Native frames: (J=compiled Java code, j=interpreted, Vv=VM code, C=native code)
V  [jvm.dll+0x66fa1a]
V  [jvm.dll+0x7ce5a4]
V  [jvm.dll+0x7cfd4e]
V  [jvm.dll+0x7d03b3]
V  [jvm.dll+0x242b05]
V  [jvm.dll+0x66ca39]
V  [jvm.dll+0x661502]
V  [jvm.dll+0x30081b]
V  [jvm.dll+0x307da6]
V  [jvm.dll+0x357a1e]
V  [jvm.dll+0x357c4f]
V  [jvm.dll+0x2d7ad8]
V  [jvm.dll+0x2d8a44]
V  [jvm.dll+0x7a01e1]
V  [jvm.dll+0x365791]
V  [jvm.dll+0x77f6cc]
V  [jvm.dll+0x3e812f]
V  [jvm.dll+0x3e9bd1]
C  [jli.dll+0x527b]
C  [ucrtbase.dll+0x21bb2]
C  [KERNEL32.DLL+0x17344]
C  [ntdll.dll+0x526b1]


---------------  P R O C E S S  ---------------

Threads class SMR info:
_java_thread_list=0x00007ffa71f77818, length=0, elements={
}

Java Threads: ( => current thread )

Other Threads:
  0x000002166ee52780 GCTaskThread "GC Thread#0" [stack: 0x0000009bed700000,0x0000009bed800000] [id=17668]
  0x000002166ee624c0 ConcurrentGCThread "G1 Main Marker" [stack: 0x0000009bed800000,0x0000009bed900000] [id=16576]
  0x000002166ee62ed0 ConcurrentGCThread "G1 Conc#0" [stack: 0x0000009bed900000,0x0000009beda00000] [id=5168]

[error occurred during error reporting (printing all threads), id 0xc0000005, EXCEPTION_ACCESS_VIOLATION (0xc0000005) at pc=0x00007ffa717c84b7]

VM state: not at safepoint (not fully initialized)

VM Mutex/Monitor currently owned by a thread:  ([mutex/lock_event])
[0x000002166ee12d60] Heap_lock - owner thread: 0x000002166ee166c0

Heap address: 0x0000000089000000, size: 1904 MB, Compressed Oops mode: 32-bit

CDS archive(s) mapped at: [0x0000000000000000-0x0000000000000000-0x0000000000000000), size 0, SharedBaseAddress: 0x0000000800000000, ArchiveRelocationMode: 0.
Narrow klass base: 0x0000000000000000, Narrow klass shift: 0, Narrow klass range: 0x0

GC Precious Log:
<Empty>

Heap:
 garbage-first heap   total 0K, used 0K [0x0000000089000000, 0x0000000100000000)
  region size 1024K, 0 young (0K), 0 survivors (0K)

[error occurred during error reporting (printing heap information), id 0xc0000005, EXCEPTION_ACCESS_VIOLATION (0xc0000005) at pc=0x00007ffa71ba8d89]

GC Heap History (0 events):
No events

Deoptimization events (0 events):
No events

Classes unloaded (0 events):
No events

Classes redefined (0 events):
No events

Internal exceptions (0 events):
No events

VM Operations (0 events):
No events

Events (1 events):
Event: 0.064 Loaded shared library C:\Program Files\Java\jdk-17.0.1\bin\java.dll


Dynamic libraries:
0x00007ff78c090000 - 0x00007ff78c0a0000 	C:\Program Files\Java\jdk-17.0.1\bin\java.exe
0x00007ffab7370000 - 0x00007ffab7568000 	C:\WINDOWS\SYSTEM32\ntdll.dll
0x00007ffab5b00000 - 0x00007ffab5bbd000 	C:\WINDOWS\System32\KERNEL32.DLL
0x00007ffab5160000 - 0x00007ffab5456000 	C:\WINDOWS\System32\KERNELBASE.dll
0x00007ffab23c0000 - 0x00007ffab2451000 	C:\WINDOWS\SYSTEM32\apphelp.dll
0x00007ffab4ec0000 - 0x00007ffab4fc0000 	C:\WINDOWS\System32\ucrtbase.dll
0x00007ffa9a770000 - 0x00007ffa9a78a000 	C:\Program Files\Java\jdk-17.0.1\bin\VCRUNTIME140.dll
0x00007ffaad520000 - 0x00007ffaad538000 	C:\Program Files\Java\jdk-17.0.1\bin\jli.dll
0x00007ffab5470000 - 0x00007ffab551e000 	C:\WINDOWS\System32\ADVAPI32.dll
0x00007ffab7040000 - 0x00007ffab70de000 	C:\WINDOWS\System32\msvcrt.dll
0x00007ffab7190000 - 0x00007ffab722c000 	C:\WINDOWS\System32\sechost.dll
0x00007ffab6930000 - 0x00007ffab6a56000 	C:\WINDOWS\System32\RPCRT4.dll
0x00007ffab6a60000 - 0x00007ffab6bfe000 	C:\WINDOWS\System32\USER32.dll
0x00007ffab4de0000 - 0x00007ffab4e02000 	C:\WINDOWS\System32\win32u.dll
0x00007ffab5ad0000 - 0x00007ffab5afc000 	C:\WINDOWS\System32\GDI32.dll
0x00007ffab4b30000 - 0x00007ffab4c4a000 	C:\WINDOWS\System32\gdi32full.dll
0x00007ffab50c0000 - 0x00007ffab515d000 	C:\WINDOWS\System32\msvcp_win.dll
0x00007ffaa07c0000 - 0x00007ffaa0a5a000 	C:\WINDOWS\WinSxS\amd64_microsoft.windows.common-controls_6595b64144ccf1df_6.0.19041.1110_none_60b5254171f9507e\COMCTL32.dll
0x00007ffaaa9a0000 - 0x00007ffaaa9aa000 	C:\WINDOWS\SYSTEM32\VERSION.dll
0x00007ffab6f60000 - 0x00007ffab6f90000 	C:\WINDOWS\System32\IMM32.DLL
0x00007ffaae280000 - 0x00007ffaae28c000 	C:\Program Files\Java\jdk-17.0.1\bin\vcruntime140_1.dll
0x00007ffa8d280000 - 0x00007ffa8d30d000 	C:\Program Files\Java\jdk-17.0.1\bin\msvcp140.dll
0x00007ffa714e0000 - 0x00007ffa7209e000 	C:\Program Files\Java\jdk-17.0.1\bin\server\jvm.dll
0x00007ffab7230000 - 0x00007ffab7238000 	C:\WINDOWS\System32\PSAPI.DLL
0x00007ffa9ad30000 - 0x00007ffa9ad39000 	C:\WINDOWS\SYSTEM32\WSOCK32.dll
0x00007ffab7240000 - 0x00007ffab72ab000 	C:\WINDOWS\System32\WS2_32.dll
0x00007ffaaa970000 - 0x00007ffaaa997000 	C:\WINDOWS\SYSTEM32\WINMM.dll
0x00007ffab2970000 - 0x00007ffab2982000 	C:\WINDOWS\SYSTEM32\kernel.appcore.dll
0x00007ffaad950000 - 0x00007ffaad95a000 	C:\Program Files\Java\jdk-17.0.1\bin\jimage.dll
0x00007ffaab690000 - 0x00007ffaab874000 	C:\WINDOWS\SYSTEM32\DBGHELP.DLL
0x00007ffaa6d10000 - 0x00007ffaa6d44000 	C:\WINDOWS\SYSTEM32\dbgcore.DLL
0x00007ffab4fc0000 - 0x00007ffab5042000 	C:\WINDOWS\System32\bcryptPrimitives.dll
0x00007ffaa3130000 - 0x00007ffaa313e000 	C:\Program Files\Java\jdk-17.0.1\bin\instrument.dll
0x00007ffa95690000 - 0x00007ffa956b5000 	C:\Program Files\Java\jdk-17.0.1\bin\java.dll

dbghelp: loaded successfully - version: 4.0.5 - missing functions: none
symbol engine: initialized successfully - sym options: 0x614 - pdb path: .;C:\Program Files\Java\jdk-17.0.1\bin;C:\WINDOWS\SYSTEM32;C:\WINDOWS\WinSxS\amd64_microsoft.windows.common-controls_6595b64144ccf1df_6.0.19041.1110_none_60b5254171f9507e;C:\Program Files\Java\jdk-17.0.1\bin\server

VM Arguments:
jvm_args: -XX:TieredStopAtLevel=1 -Dspring.output.ansi.enabled=always -Dcom.sun.management.jmxremote -Dspring.jmx.enabled=true -Dspring.liveBeansView.mbeanDomain -Dspring.application.admin.enabled=true -Dmanagement.endpoints.jmx.exposure.include=* -javaagent:C:\Users\hp\AppData\Local\JetBrains\IntelliJ IDEA 2024.1.1\lib\idea_rt.jar=61895:C:\Users\hp\AppData\Local\JetBrains\IntelliJ IDEA 2024.1.1\bin -Dfile.encoding=UTF-8 
java_command: com.example.Registration.Registration
java_class_path (initial): C:\Users\hp\Downloads\Intern\Intern\target\classes;C:\Users\hp\.m2\repository\org\springframework\boot\spring-boot-starter-data-mongodb\3.2.5\spring-boot-starter-data-mongodb-3.2.5.jar;C:\Users\hp\.m2\repository\org\springframework\boot\spring-boot-starter\3.2.5\spring-boot-starter-3.2.5.jar;C:\Users\hp\.m2\repository\org\springframework\boot\spring-boot-starter-logging\3.2.5\spring-boot-starter-logging-3.2.5.jar;C:\Users\hp\.m2\repository\ch\qos\logback\logback-classic\1.4.14\logback-classic-1.4.14.jar;C:\Users\hp\.m2\repository\ch\qos\logback\logback-core\1.4.14\logback-core-1.4.14.jar;C:\Users\hp\.m2\repository\org\apache\logging\log4j\log4j-to-slf4j\2.21.1\log4j-to-slf4j-2.21.1.jar;C:\Users\hp\.m2\repository\org\apache\logging\log4j\log4j-api\2.21.1\log4j-api-2.21.1.jar;C:\Users\hp\.m2\repository\org\slf4j\jul-to-slf4j\2.0.13\jul-to-slf4j-2.0.13.jar;C:\Users\hp\.m2\repository\jakarta\annotation\jakarta.annotation-api\2.1.1\jakarta.annotation-api-2.1.1.jar;C:\Users\hp\.m2\repository\org\yaml\snakeyaml\2.2\snakeyaml-2.2.jar;C:\Users\hp\.m2\repository\org\mongodb\mongodb-driver-sync\4.11.2\mongodb-driver-sync-4.11.2.jar;C:\Users\hp\.m2\repository\org\mongodb\bson\4.11.2\bson-4.11.2.jar;C:\Users\hp\.m2\repository\org\mongodb\mongodb-driver-core\4.11.2\mongodb-driver-core-4.11.2.jar;C:\Users\hp\.m2\repository\org\mongodb\bson-record-codec\4.11.2\bson-record-codec-4.11.2.jar;C:\Users\hp\.m2\repository\org\springframework\data\spring-data-mongodb\4.2.5\spring-data-mongodb-4.2.5.jar;C:\Users\hp\.m2\repository\org\springframework\spring-tx\6.1.6\spring-tx-6.1.6.jar;C:\Users\hp\.m2\repository\org\springframework\spring-context\6.1.6\spring-context-6.1.6.jar;C:\Users\hp\.m2\repository\org\springframework\spring-beans\6.1.6\spring-beans-6.1.6.jar;C:\Users\hp\.m2\repository\org\springframework\spring-expression\6.1.6\spring-expression-6.1.6.jar;C:\Users\hp\.m2\repository\org\springframework\data\spring-data-commons\3.2.5\spring-data-commons-3.2.5
Launcher Type: SUN_STANDARD

[Global flags]
     intx CICompilerCount                          = 3                                         {product} {ergonomic}
     uint ConcGCThreads                            = 1                                         {product} {ergonomic}
     uint G1ConcRefinementThreads                  = 4                                         {product} {ergonomic}
   size_t G1HeapRegionSize                         = 1048576                                   {product} {ergonomic}
    uintx GCDrainStackTargetSize                   = 64                                        {product} {ergonomic}
   size_t InitialHeapSize                          = 125829120                                 {product} {ergonomic}
     bool ManagementServer                         = true                                      {product} {command line}
   size_t MarkStackSize                            = 4194304                                   {product} {ergonomic}
   size_t MaxHeapSize                              = 1996488704                                {product} {ergonomic}
   size_t MinHeapDeltaBytes                        = 1048576                                   {product} {ergonomic}
   size_t MinHeapSize                              = 8388608                                   {product} {ergonomic}
    uintx NonProfiledCodeHeapSize                  = 0                                      {pd product} {ergonomic}
     bool ProfileInterpreter                       = false                                  {pd product} {command line}
    uintx ProfiledCodeHeapSize                     = 0                                      {pd product} {ergonomic}
   size_t SoftMaxHeapSize                          = 1996488704                             {manageable} {ergonomic}
     intx TieredStopAtLevel                        = 1                                         {product} {command line}
     bool UseCompressedClassPointers               = true                           {product lp64_product} {ergonomic}
     bool UseCompressedOops                        = true                           {product lp64_product} {ergonomic}
     bool UseG1GC                                  = true                                      {product} {ergonomic}
     bool UseLargePagesIndividualAllocation        = false                                  {pd product} {ergonomic}

Logging:
Log output configuration:
 #0: stdout all=warning uptime,level,tags
 #1: stderr all=off uptime,level,tags

Environment Variables:
PATH=C:\oraclexe\app\oracle\product\11.2.0\server\bin;C:\Program Files\Common Files\Oracle\Java\javapath;C:\WINDOWS\system32;C:\WINDOWS;C:\WINDOWS\System32\Wbem;C:\WINDOWS\System32\WindowsPowerShell\v1.0\;C:\WINDOWS\System32\OpenSSH\;C:\Program Files\Git\cmd;C:\Program Files\nodejs\;C:\Xilinx\bin\nt;C:\Program Files\MySQL\MySQL Server 8.0\bin;C:\Users\hp\Desktop\TARGET\Maven\apache-maven-3.9.2\bin;C:\Users\hp\AppData\Local\Programs\Python\Python39\Scripts\;C:\Users\hp\AppData\Local\Programs\Python\Python39\;C:\Ruby33-x64\bin;C:\Users\hp\AppData\Local\Microsoft\WindowsApps;C:\Users\hp\AppData\Local\Programs\Microsoft VS Code\bin;C:\Users\hp\AppData\Local\GitHubDesktop\bin;C:\Program Files\JetBrains\IntelliJ IDEA Community Edition 2023.2\bin;;C:\MinGW\bin;C:\Users\hp\AppData\Roaming\npm;
USERNAME=hp
OS=Windows_NT
PROCESSOR_IDENTIFIER=AMD64 Family 21 Model 101 Stepping 1, AuthenticAMD



---------------  S Y S T E M  ---------------

OS:
 Windows 10 , 64 bit Build 19041 (10.0.19041.3393)
OS uptime: 94 days 13:12 hours

CPU: total 4 (initial active 4) (4 cores per cpu, 1 threads per core) family 21 model 101 stepping 1 microcode 0x0, cx8, cmov, fxsr, mmx, 3dnowpref, sse, sse2, sse3, ssse3, sse4a, sse4.1, sse4.2, popcnt, lzcnt, tsc, tscinvbit, avx, avx2, aes, clmul, bmi1, bmi2, fma, vzeroupper, clflush

Memory: 4k page, system-wide physical 7610M (371M free)
TotalPageFile size 20410M (AvailPageFile size 52M)
current process WorkingSet (physical memory assigned to process): 11M, peak: 11M
current process commit charge ("private bytes"): 46M, peak: 166M

vm_info: Java HotSpot(TM) 64-Bit Server VM (17.0.1+12-LTS-39) for windows-amd64 JRE (17.0.1+12-LTS-39), built on Sep 27 2021 18:41:35 by "mach5one" with MS VC++ 16.8 (VS2019)

END.
